build/app/intermediates/proguard-rules/release/aapt_rules.txt
# Referenced at release\arm64-v8a\AndroidManifest.xml:17
-keep class androidx.core.app.CoreComponentFactory { <init>(); }
# Referenced at release\arm64-v8a\AndroidManifest.xml:22
-keep class com.example.parsiyab.MainActivity { <init>(); }
# Referenced at release\arm64-v8a\AndroidManifest.xml:17
-keep class io.flutter.app.FlutterApplication { <init>(); }
# Referenced at release\arm64-v8a\AndroidManifest.xml:64
-keep class io.flutter.plugins.urllauncher.WebViewActivity { <init>(); }