build/app/outputs/mapping/release/mapping.txt
# compiler: R8
# compiler_version: 1.5.64
# min_api: 16
# pg_map_id: 58be5bd
...
io.flutter.plugin.platform.PlatformView -> io.flutter.plugin.platform.e:
    void dispose() -> a
    void onFlutterViewAttached(android.view.View) -> a
    void onInputConnectionUnlocked() -> b
    void onFlutterViewDetached() -> c
    android.view.View getView() -> d
    void onInputConnectionLocked() -> e
io.flutter.plugin.platform.PlatformViewFactory -> io.flutter.plugin.platform.f:
    io.flutter.plugin.common.MessageCodec createArgsCodec -> a
    io.flutter.plugin.platform.PlatformView create(android.content.Context,int,java.lang.Object) -> a
    io.flutter.plugin.common.MessageCodec getCreateArgsCodec() -> a
io.flutter.plugin.platform.PlatformViewRegistry -> io.flutter.plugin.platform.g:
io.flutter.plugin.platform.PlatformViewRegistryImpl -> io.flutter.plugin.platform.h:
    java.util.Map viewFactories -> a
    io.flutter.plugin.platform.PlatformViewFactory getFactory(java.lang.String) -> a
io.flutter.plugin.platform.PlatformViewsAccessibilityDelegate -> io.flutter.plugin.platform.i:
    void attachAccessibilityBridge(io.flutter.view.AccessibilityBridge) -> a
    void detachAccessibiltyBridge() -> a
    android.view.View getPlatformViewById(java.lang.Integer) -> a
io.flutter.plugin.platform.PlatformViewsController -> io.flutter.plugin.platform.j:
    java.util.HashMap contextToPlatformView -> j
    int nextOverlayLayerId -> n
    java.util.HashSet currentFrameUsedOverlayLayerIds -> p
    io.flutter.embedding.android.MotionEventTracker motionEventTracker -> r
    java.util.HashMap vdControllers -> i
    android.content.Context context -> c
    android.util.SparseArray overlayLayerViews -> m
    boolean flutterViewConvertedToImageView -> o
    io.flutter.plugin.platform.AccessibilityEventsDelegate accessibilityEventsDelegate -> h
    io.flutter.embedding.android.AndroidTouchProcessor androidTouchProcessor -> b
    io.flutter.view.TextureRegistry textureRegistry -> e
    java.util.HashSet currentFrameUsedPlatformViewIds -> q
    io.flutter.plugin.platform.PlatformViewRegistryImpl registry -> a
    io.flutter.plugin.editing.TextInputPlugin textInputPlugin -> f
    io.flutter.embedding.engine.systemchannels.PlatformViewsChannel$PlatformViewsHandler channelHandler -> s
    io.flutter.embedding.engine.systemchannels.PlatformViewsChannel platformViewsChannel -> g
    android.util.SparseArray platformViews -> k
    android.view.View flutterView -> d
    android.util.SparseArray platformViewParent -> l
    io.flutter.plugin.platform.PlatformViewRegistryImpl access$100(io.flutter.plugin.platform.PlatformViewsController) -> a
io.flutter.plugin.platform.PlatformViewsController$1 -> io.flutter.plugin.platform.j$a:
    io.flutter.plugin.platform.PlatformViewsController this$0 -> a
    long createVirtualDisplayForPlatformView(io.flutter.embedding.engine.systemchannels.PlatformViewsChannel$PlatformViewCreationRequest) -> a
    void disposeAndroidViewForPlatformView(int) -> a
    void lambda$createVirtualDisplayForPlatformView$0(io.flutter.embedding.engine.systemchannels.PlatformViewsChannel$PlatformViewCreationRequest,android.view.View,boolean) -> a
    void onTouch(io.flutter.embedding.engine.systemchannels.PlatformViewsChannel$PlatformViewTouch) -> a
    void resizePlatformView(io.flutter.embedding.engine.systemchannels.PlatformViewsChannel$PlatformViewResizeRequest,java.lang.Runnable) -> a
    void setDirection(int,int) -> a
    void createAndroidViewForPlatformView(io.flutter.embedding.engine.systemchannels.PlatformViewsChannel$PlatformViewCreationRequest) -> b
    void disposeVirtualDisplayForPlatformView(int) -> b
    void clearFocus(int) -> c
    void ensureValidAndroidVersion(int) -> d
io.flutter.plugin.platform.PlatformViewsController$1$1 -> io.flutter.plugin.platform.j$a$a:
    io.flutter.plugin.platform.VirtualDisplayController val$vdController -> a
    java.lang.Runnable val$onComplete -> b
    io.flutter.plugin.platform.PlatformViewsController$1 this$1 -> c